
*** Running xst
    with args -ifn "mojo_top_0.xst" -ofn "mojo_top_0.srp" -intstyle ise

Reading design: mojo_top_0.prj

=========================================================================
*                          HDL Parsing                                  *
=========================================================================
Analyzing Verilog file "C:/Users/TABLET0006/Box Sync/SUTD/ComputationStructures/Mojo/Mojo-Examples/SimpleRegisters/work/planAhead/SimpleRegisters/SimpleRegisters.srcs/sources_1/imports/verilog/pipeline_5.v" into library work
Parsing module <pipeline_5>.
Analyzing Verilog file "C:/Users/TABLET0006/Box Sync/SUTD/ComputationStructures/Mojo/Mojo-Examples/SimpleRegisters/work/planAhead/SimpleRegisters/SimpleRegisters.srcs/sources_1/imports/verilog/reset_conditioner_1.v" into library work
Parsing module <reset_conditioner_1>.
Analyzing Verilog file "C:/Users/TABLET0006/Box Sync/SUTD/ComputationStructures/Mojo/Mojo-Examples/SimpleRegisters/work/planAhead/SimpleRegisters/SimpleRegisters.srcs/sources_1/imports/verilog/register_4.v" into library work
Parsing module <register_4>.
Analyzing Verilog file "C:/Users/TABLET0006/Box Sync/SUTD/ComputationStructures/Mojo/Mojo-Examples/SimpleRegisters/work/planAhead/SimpleRegisters/SimpleRegisters.srcs/sources_1/imports/verilog/edge_detector_3.v" into library work
Parsing module <edge_detector_3>.
Analyzing Verilog file "C:/Users/TABLET0006/Box Sync/SUTD/ComputationStructures/Mojo/Mojo-Examples/SimpleRegisters/work/planAhead/SimpleRegisters/SimpleRegisters.srcs/sources_1/imports/verilog/button_conditioner_2.v" into library work
Parsing module <button_conditioner_2>.
Analyzing Verilog file "C:/Users/TABLET0006/Box Sync/SUTD/ComputationStructures/Mojo/Mojo-Examples/SimpleRegisters/work/planAhead/SimpleRegisters/SimpleRegisters.srcs/sources_1/imports/verilog/mojo_top_0.v" into library work
Parsing module <mojo_top_0>.

=========================================================================
*                            HDL Elaboration                            *
=========================================================================

Elaborating module <mojo_top_0>.

Elaborating module <reset_conditioner_1>.

Elaborating module <button_conditioner_2>.

Elaborating module <pipeline_5>.

Elaborating module <edge_detector_3>.

Elaborating module <register_4>.

=========================================================================
*                           HDL Synthesis                               *
=========================================================================

Synthesizing Unit <mojo_top_0>.
    Related source file is "C:/Users/TABLET0006/Box Sync/SUTD/ComputationStructures/Mojo/Mojo-Examples/SimpleRegisters/work/planAhead/SimpleRegisters/SimpleRegisters.srcs/sources_1/imports/verilog/mojo_top_0.v".
WARNING:Xst:647 - Input <io_button<4:1>> is never used. This port will be preserved and left unconnected if it belongs to a top-level block or it belongs to a sub-block and the hierarchy of this sub-block is preserved.
WARNING:Xst:647 - Input <io_dip<23:8>> is never used. This port will be preserved and left unconnected if it belongs to a top-level block or it belongs to a sub-block and the hierarchy of this sub-block is preserved.
WARNING:Xst:647 - Input <cclk> is never used. This port will be preserved and left unconnected if it belongs to a top-level block or it belongs to a sub-block and the hierarchy of this sub-block is preserved.
WARNING:Xst:647 - Input <spi_ss> is never used. This port will be preserved and left unconnected if it belongs to a top-level block or it belongs to a sub-block and the hierarchy of this sub-block is preserved.
WARNING:Xst:647 - Input <spi_mosi> is never used. This port will be preserved and left unconnected if it belongs to a top-level block or it belongs to a sub-block and the hierarchy of this sub-block is preserved.
WARNING:Xst:647 - Input <spi_sck> is never used. This port will be preserved and left unconnected if it belongs to a top-level block or it belongs to a sub-block and the hierarchy of this sub-block is preserved.
WARNING:Xst:647 - Input <avr_tx> is never used. This port will be preserved and left unconnected if it belongs to a top-level block or it belongs to a sub-block and the hierarchy of this sub-block is preserved.
WARNING:Xst:647 - Input <avr_rx_busy> is never used. This port will be preserved and left unconnected if it belongs to a top-level block or it belongs to a sub-block and the hierarchy of this sub-block is preserved.
    Found 1-bit tristate buffer for signal <spi_miso> created at line 64
    Found 1-bit tristate buffer for signal <spi_channel<3>> created at line 64
    Found 1-bit tristate buffer for signal <spi_channel<2>> created at line 64
    Found 1-bit tristate buffer for signal <spi_channel<1>> created at line 64
    Found 1-bit tristate buffer for signal <spi_channel<0>> created at line 64
    Found 1-bit tristate buffer for signal <avr_rx> created at line 64
    Summary:
	inferred   6 Tristate(s).
Unit <mojo_top_0> synthesized.

Synthesizing Unit <reset_conditioner_1>.
    Related source file is "C:/Users/TABLET0006/Box Sync/SUTD/ComputationStructures/Mojo/Mojo-Examples/SimpleRegisters/work/planAhead/SimpleRegisters/SimpleRegisters.srcs/sources_1/imports/verilog/reset_conditioner_1.v".
    Found 4-bit register for signal <M_stage_q>.
    Summary:
	inferred   4 D-type flip-flop(s).
Unit <reset_conditioner_1> synthesized.

Synthesizing Unit <button_conditioner_2>.
    Related source file is "C:/Users/TABLET0006/Box Sync/SUTD/ComputationStructures/Mojo/Mojo-Examples/SimpleRegisters/work/planAhead/SimpleRegisters/SimpleRegisters.srcs/sources_1/imports/verilog/button_conditioner_2.v".
    Found 20-bit register for signal <M_ctr_q>.
    Found 20-bit adder for signal <M_ctr_q[19]_GND_3_o_add_2_OUT> created at line 39.
    Summary:
	inferred   1 Adder/Subtractor(s).
	inferred  20 D-type flip-flop(s).
Unit <button_conditioner_2> synthesized.

Synthesizing Unit <pipeline_5>.
    Related source file is "C:/Users/TABLET0006/Box Sync/SUTD/ComputationStructures/Mojo/Mojo-Examples/SimpleRegisters/work/planAhead/SimpleRegisters/SimpleRegisters.srcs/sources_1/imports/verilog/pipeline_5.v".
    Found 2-bit register for signal <M_pipe_q>.
    Summary:
	inferred   2 D-type flip-flop(s).
Unit <pipeline_5> synthesized.

Synthesizing Unit <edge_detector_3>.
    Related source file is "C:/Users/TABLET0006/Box Sync/SUTD/ComputationStructures/Mojo/Mojo-Examples/SimpleRegisters/work/planAhead/SimpleRegisters/SimpleRegisters.srcs/sources_1/imports/verilog/edge_detector_3.v".
    Found 1-bit register for signal <M_last_q>.
    Summary:
	inferred   1 D-type flip-flop(s).
	inferred   1 Multiplexer(s).
Unit <edge_detector_3> synthesized.

Synthesizing Unit <register_4>.
    Related source file is "C:/Users/TABLET0006/Box Sync/SUTD/ComputationStructures/Mojo/Mojo-Examples/SimpleRegisters/work/planAhead/SimpleRegisters/SimpleRegisters.srcs/sources_1/imports/verilog/register_4.v".
    Found 8-bit register for signal <M_regs_q>.
    Summary:
	inferred   8 D-type flip-flop(s).
Unit <register_4> synthesized.

=========================================================================
HDL Synthesis Report

Macro Statistics
# Adders/Subtractors                                   : 1
 20-bit adder                                          : 1
# Registers                                            : 5
 1-bit register                                        : 1
 2-bit register                                        : 1
 20-bit register                                       : 1
 4-bit register                                        : 1
 8-bit register                                        : 1
# Multiplexers                                         : 1
 1-bit 2-to-1 multiplexer                              : 1
# Tristates                                            : 6
 1-bit tristate buffer                                 : 6

=========================================================================

=========================================================================
*                       Advanced HDL Synthesis                          *
=========================================================================


Synthesizing (advanced) Unit <button_conditioner_2>.
The following registers are absorbed into counter <M_ctr_q>: 1 register on signal <M_ctr_q>.
Unit <button_conditioner_2> synthesized (advanced).

=========================================================================
Advanced HDL Synthesis Report

Macro Statistics
# Counters                                             : 1
 20-bit up counter                                     : 1
# Registers                                            : 15
 Flip-Flops                                            : 15

=========================================================================

=========================================================================
*                         Low Level Synthesis                           *
=========================================================================

Optimizing unit <register_4> ...

Optimizing unit <mojo_top_0> ...

Mapping all equations...
Building and optimizing final netlist ...
Found area constraint ratio of 100 (+ 0) on block mojo_top_0, actual ratio is 0.

Final Macro Processing ...

Processing Unit <mojo_top_0> :
	Found 2-bit shift register for signal <btn_cond/sync/M_pipe_q_1>.
INFO:Xst:741 - HDL ADVISOR - A 4-bit shift register was found for signal <reset_cond/M_stage_q_3> and currently occupies 4 logic cells (2 slices). Removing the set/reset logic would take advantage of SRL32 (and derived) primitives and reduce this to 1 logic cells (1 slices). Evaluate if the set/reset can be removed for this simple shift register. The majority of simple pipeline structures do not need to be set/reset operationally.
Unit <mojo_top_0> processed.

=========================================================================
Final Register Report

Macro Statistics
# Registers                                            : 33
 Flip-Flops                                            : 33
# Shift Registers                                      : 1
 2-bit shift register                                  : 1

=========================================================================

=========================================================================
*                           Partition Report                            *
=========================================================================

Partition Implementation Status
-------------------------------

  No Partitions were found in this design.

-------------------------------

=========================================================================
*                            Design Summary                             *
=========================================================================

Clock Information:
------------------
-----------------------------------+------------------------+-------+
Clock Signal                       | Clock buffer(FF name)  | Load  |
-----------------------------------+------------------------+-------+
clk                                | BUFGP                  | 35    |
-----------------------------------+------------------------+-------+

Asynchronous Control Signals Information:
----------------------------------------
No asynchronous control signals found in this design

Timing Summary:
---------------
Speed Grade: -2

   Minimum period: 5.024ns (Maximum Frequency: 199.045MHz)
   Minimum input arrival time before clock: 3.773ns
   Maximum output required time after clock: 4.202ns
   Maximum combinational path delay: No path found

=========================================================================
