--------------------------------------------------------------------------------
Release 14.7 Trace  (nt64)
Copyright (c) 1995-2013 Xilinx, Inc.  All rights reserved.

C:\Xilinx\14.7\ISE_DS\ISE\bin\nt64\unwrapped\trce.exe -intstyle ise -o
mojo_top_0.twr -v 30 -l 30 mojo_top_0_routed.ncd mojo_top_0.pcf

Design file:              mojo_top_0_routed.ncd
Physical constraint file: mojo_top_0.pcf
Device,package,speed:     xc6slx9,tqg144,C,-2 (PRODUCTION 1.23 2013-10-13)
Report level:             verbose report, limited to 30 items per constraint

Environment Variable      Effect 
--------------------      ------ 
NONE                      No environment variables were set
--------------------------------------------------------------------------------

INFO:Timing:2698 - No timing constraints found, doing default enumeration.
INFO:Timing:3412 - To improve timing, see the Timing Closure User Guide (UG612).
INFO:Timing:2752 - To get complete path coverage, use the unconstrained paths 
   option. All paths that are not constrained will be reported in the 
   unconstrained paths section(s) of the report.
INFO:Timing:3339 - The clock-to-out numbers in this timing report are based on 
   a 50 Ohm transmission line loading model.  For the details of this model, 
   and for more information on accounting for different loading conditions, 
   please see the device datasheet.



Data Sheet report:
-----------------
All values displayed in nanoseconds (ns)

Pad to Pad
---------------+---------------+---------+
Source Pad     |Destination Pad|  Delay  |
---------------+---------------+---------+
io_dip[0]      |io_led[0]      |   10.201|
io_dip[0]      |io_led[1]      |   10.526|
io_dip[0]      |io_led[2]      |   10.984|
io_dip[0]      |io_led[3]      |   11.766|
io_dip[0]      |io_led[4]      |   11.894|
io_dip[1]      |io_led[1]      |   10.739|
io_dip[1]      |io_led[2]      |   11.619|
io_dip[1]      |io_led[3]      |   12.328|
io_dip[1]      |io_led[4]      |   12.456|
io_dip[2]      |io_led[2]      |   10.785|
io_dip[2]      |io_led[3]      |   11.919|
io_dip[2]      |io_led[4]      |   12.047|
io_dip[3]      |io_led[3]      |   11.090|
io_dip[3]      |io_led[4]      |   11.218|
io_dip[8]      |io_led[0]      |    9.709|
io_dip[8]      |io_led[1]      |   10.034|
io_dip[8]      |io_led[2]      |   11.017|
io_dip[8]      |io_led[3]      |   11.596|
io_dip[8]      |io_led[4]      |   11.724|
io_dip[9]      |io_led[1]      |   10.084|
io_dip[9]      |io_led[2]      |   11.607|
io_dip[9]      |io_led[3]      |   11.882|
io_dip[9]      |io_led[4]      |   12.010|
io_dip[10]     |io_led[2]      |   10.849|
io_dip[10]     |io_led[3]      |   11.745|
io_dip[10]     |io_led[4]      |   11.873|
io_dip[11]     |io_led[3]      |   11.022|
io_dip[11]     |io_led[4]      |   11.150|
---------------+---------------+---------+


Analysis completed Wed Aug 03 16:18:12 2016 
--------------------------------------------------------------------------------

Trace Settings:
-------------------------
Trace Settings 

Peak Memory Usage: 214 MB



